<?xml version="1.0" encoding="UTF-8"?>
<!-- Generated by org.testng.reporters.JUnitReportReporter -->
<testsuite hostname="BGM" failures="0" tests="1" name="tests.GoogleSearchTest" time="4.417" errors="0" timestamp="2025-10-30T02:23:55 GMT-07:00" skipped="0">
  <testcase classname="tests.GoogleSearchTest" name="verifyGoogleTitle" time="4.417"/>
  <system-out/>
</testsuite> <!-- tests.GoogleSearchTest -->
